#
# There is insufficient memory for the Java Runtime Environment to continue.
# Native memory allocation (mmap) failed to map 77594624 bytes for committing reserved memory.
# Possible reasons:
#   The system is out of physical RAM or swap space
#   The process is running with CompressedOops enabled, and the Java Heap may be blocking the growth of the native heap
# Possible solutions:
#   Reduce memory load on the system
#   Increase physical memory or swap space
#   Check if swap backing store is full
#   Decrease Java heap size (-Xmx/-Xms)
#   Decrease number of Java threads
#   Decrease Java thread stack sizes (-Xss)
#   Set larger code cache with -XX:ReservedCodeCacheSize=
#   JVM is running with Unscaled Compressed Oops mode in which the Java heap is
#     placed in the first 4GB address space. The Java Heap base address is the
#     maximum limit for the native heap growth. Please use -XX:HeapBaseMinAddress
#     to set the Java Heap base and to place the Java Heap above 4GB virtual address.
# This output file may be truncated or incomplete.
#
#  Out of Memory Error (os_linux.cpp:2749), pid=15924, tid=0x00007f5c9e771700
#
# JRE version: Java(TM) SE Runtime Environment (8.0_201-b09) (build 1.8.0_201-b09)
# Java VM: Java HotSpot(TM) 64-Bit Server VM (25.201-b09 mixed mode linux-amd64 compressed oops)
# Failed to write core dump. Core dumps have been disabled. To enable core dumping, try "ulimit -c unlimited" before starting Java again
#

---------------  T H R E A D  ---------------

Current thread (0x00007f5cb007f000):  VMThread [stack: 0x00007f5c9e672000,0x00007f5c9e772000] [id=15935]

Stack: [0x00007f5c9e672000,0x00007f5c9e772000],  sp=0x00007f5c9e7703f0,  free space=1016k
Native frames: (J=compiled Java code, j=interpreted, Vv=VM code, C=native code)
V  [libjvm.so+0xad3525]  VMError::report_and_die()+0x2e5
V  [libjvm.so+0x4e0457]  report_vm_out_of_memory(char const*, int, unsigned long, VMErrorType, char const*)+0x67
V  [libjvm.so+0x9102f0]  os::pd_commit_memory(char*, unsigned long, unsigned long, bool)+0x100
V  [libjvm.so+0x90791f]  os::commit_memory(char*, unsigned long, unsigned long, bool)+0x1f
V  [libjvm.so+0x98c806]  PSVirtualSpace::expand_by(unsigned long)+0x56
V  [libjvm.so+0x98da98]  PSYoungGen::resize(unsigned long, unsigned long)+0xd8
V  [libjvm.so+0x98a236]  PSScavenge::invoke_no_policy()+0x1376
V  [libjvm.so+0x98a5cc]  PSScavenge::invoke()+0x4c
V  [libjvm.so+0x93a318]  ParallelScavengeHeap::failed_mem_allocate(unsigned long)+0x68
V  [libjvm.so+0xad5073]  VM_ParallelGCFailedAllocation::doit()+0x93
V  [libjvm.so+0xada296]  VM_Operation::evaluate()+0x46
V  [libjvm.so+0xad85cd]  VMThread::evaluate_operation(VM_Operation*) [clone .constprop.44]+0xcd
V  [libjvm.so+0xad8bb3]  VMThread::loop()+0x3a3
V  [libjvm.so+0xad8f88]  VMThread::run()+0x78
V  [libjvm.so+0x90d922]  java_start(Thread*)+0x102

VM_Operation (0x00007f5c9c64d440): ParallelGCFailedAllocation, mode: safepoint, requested by thread 0x00007f5c6800d000


---------------  P R O C E S S  ---------------

Java Threads: ( => current thread )
  0x00007f5c5c061000 JavaThread "SpillThread" daemon [_thread_blocked, id=15955, stack(0x00007f5c9c313000,0x00007f5c9c414000)]
  0x00007f5c5c059000 JavaThread "process reaper" daemon [_thread_blocked, id=15949, stack(0x00007f5c9c414000,0x00007f5c9c44d000)]
  0x00007f5c5c014000 JavaThread "communication thread" daemon [_thread_blocked, id=15947, stack(0x00007f5c9c44d000,0x00007f5c9c54e000)]
  0x00007f5c6800d000 JavaThread "pool-1-thread-1" [_thread_blocked, id=15946, stack(0x00007f5c9c54e000,0x00007f5c9c64f000)]
  0x00007f5cb09aa000 JavaThread "Thread-1" [_thread_blocked, id=15945, stack(0x00007f5c9c64f000,0x00007f5c9c750000)]
  0x00007f5cb00c8000 JavaThread "Service Thread" daemon [_thread_blocked, id=15942, stack(0x00007f5c9d59b000,0x00007f5c9d69c000)]
  0x00007f5cb00c5000 JavaThread "C1 CompilerThread2" daemon [_thread_blocked, id=15941, stack(0x00007f5c9d69d000,0x00007f5c9d79d000)]
  0x00007f5cb00c3000 JavaThread "C2 CompilerThread1" daemon [_thread_blocked, id=15940, stack(0x00007f5c9d79e000,0x00007f5c9d89e000)]
  0x00007f5cb00c0000 JavaThread "C2 CompilerThread0" daemon [_thread_in_native, id=15939, stack(0x00007f5c9d89f000,0x00007f5c9d99f000)]
  0x00007f5cb00be800 JavaThread "Signal Dispatcher" daemon [_thread_blocked, id=15938, stack(0x00007f5c9d99f000,0x00007f5c9daa0000)]
  0x00007f5cb008b800 JavaThread "Finalizer" daemon [_thread_blocked, id=15937, stack(0x00007f5c9e46f000,0x00007f5c9e570000)]
  0x00007f5cb0089000 JavaThread "Reference Handler" daemon [_thread_blocked, id=15936, stack(0x00007f5c9e570000,0x00007f5c9e671000)]
  0x00007f5cb0011000 JavaThread "main" [_thread_blocked, id=15930, stack(0x00007f5cb8cc4000,0x00007f5cb8dc4000)]

Other Threads:
=>0x00007f5cb007f000 VMThread [stack: 0x00007f5c9e672000,0x00007f5c9e772000] [id=15935]
  0x00007f5cb00cb000 WatcherThread [stack: 0x00007f5c9d49b000,0x00007f5c9d59b000] [id=15943]

VM state:at safepoint (normal execution)

VM Mutex/Monitor currently owned by a thread:  ([mutex/lock_event])
[0x00007f5cb000d870] Threads_lock - owner thread: 0x00007f5cb007f000
[0x00007f5cb000dd70] Heap_lock - owner thread: 0x00007f5c6800d000

heap address: 0x00000000c2400000, size: 988 MB, Compressed Oops mode: 32-bit
Narrow klass base: 0x0000000000000000, Narrow klass shift: 3
Compressed class space size: 1073741824 Address: 0x0000000100000000

Heap:
 PSYoungGen      total 134656K, used 96K [0x00000000eb700000, 0x00000000f4300000, 0x0000000100000000)
  eden space 126464K, 0% used [0x00000000eb700000,0x00000000eb700000,0x00000000f3280000)
  from space 8192K, 1% used [0x00000000f3280000,0x00000000f3298000,0x00000000f3a80000)
  to   space 7680K, 0% used [0x00000000f3a80000,0x00000000f3a80000,0x00000000f4200000)
 ParOldGen       total 140288K, used 107378K [0x00000000c2400000, 0x00000000cad00000, 0x00000000eb700000)
  object space 140288K, 76% used [0x00000000c2400000,0x00000000c8cdcaa8,0x00000000cad00000)
 Metaspace       used 11658K, capacity 11856K, committed 12160K, reserved 1060864K
  class space    used 1264K, capacity 1350K, committed 1408K, reserved 1048576K

Card table byte_map: [0x00007f5cb57af000,0x00007f5cb599e000] byte_map_base: 0x00007f5cb519d000

Marking Bits: (ParMarkBitMap*) 0x00007f5cb816bd80
 Begin Bits: [0x00007f5c9f120000, 0x00007f5ca0090000)
 End Bits:   [0x00007f5ca0090000, 0x00007f5ca1000000)

Polling page: 0x00007f5cb8ddb000

CodeCache: size=245760Kb used=5512Kb max_used=5516Kb free=240247Kb
 bounds [0x00007f5ca1000000, 0x00007f5ca1570000, 0x00007f5cb0000000]
 total_blobs=1814 nmethods=1443 adapters=284
 compilation: enabled

Compilation events (10 events):
Event: 2.334 Thread 0x00007f5cb00c5000 nmethod 1444 0x00007f5ca15633d0 code [0x00007f5ca1563ba0, 0x00007f5ca1569998]
Event: 2.334 Thread 0x00007f5cb00c5000 1445       3       java.util.concurrent.locks.AbstractQueuedSynchronizer::release (33 bytes)
Event: 2.335 Thread 0x00007f5cb00c5000 nmethod 1445 0x00007f5ca1534650 code [0x00007f5ca15347e0, 0x00007f5ca1534af8]
Event: 2.336 Thread 0x00007f5cb00c0000 1446  s!   4       org.apache.hadoop.mapred.MapTask$MapOutputBuffer::collect (645 bytes)
Event: 2.346 Thread 0x00007f5cb00c3000 1447       4       java.util.concurrent.locks.AbstractQueuedSynchronizer::release (33 bytes)
Event: 2.351 Thread 0x00007f5cb00c3000 nmethod 1447 0x00007f5ca1535ad0 code [0x00007f5ca1535c40, 0x00007f5ca1535d88]
Event: 2.362 Thread 0x00007f5cb00c5000 1448       3       java.io.BufferedInputStream::read1 (108 bytes)
Event: 2.363 Thread 0x00007f5cb00c5000 nmethod 1448 0x00007f5ca1536510 code [0x00007f5ca1536720, 0x00007f5ca1536ff8]
Event: 2.367 Thread 0x00007f5cb00c5000 1449  s    3       java.io.BufferedInputStream::read (113 bytes)
Event: 2.368 Thread 0x00007f5cb00c5000 nmethod 1449 0x00007f5ca154a290 code [0x00007f5ca154a480, 0x00007f5ca154adf8]

GC Heap History (10 events):
Event: 1.569 GC heap after
Heap after GC invocations=4 (full 0):
 PSYoungGen      total 34304K, used 2535K [0x00000000eb700000, 0x00000000edb00000, 0x0000000100000000)
  eden space 31744K, 0% used [0x00000000eb700000,0x00000000eb700000,0x00000000ed600000)
  from space 2560K, 99% used [0x00000000ed880000,0x00000000edaf9e70,0x00000000edb00000)
  to   space 2560K, 0% used [0x00000000ed600000,0x00000000ed600000,0x00000000ed880000)
 ParOldGen       total 140288K, used 104814K [0x00000000c2400000, 0x00000000cad00000, 0x00000000eb700000)
  object space 140288K, 74% used [0x00000000c2400000,0x00000000c8a5bb98,0x00000000cad00000)
 Metaspace       used 11523K, capacity 11728K, committed 11904K, reserved 1060864K
  class space    used 1254K, capacity 1350K, committed 1408K, reserved 1048576K
}
Event: 1.653 GC heap before
{Heap before GC invocations=5 (full 0):
 PSYoungGen      total 34304K, used 34279K [0x00000000eb700000, 0x00000000edb00000, 0x0000000100000000)
  eden space 31744K, 100% used [0x00000000eb700000,0x00000000ed600000,0x00000000ed600000)
  from space 2560K, 99% used [0x00000000ed880000,0x00000000edaf9e70,0x00000000edb00000)
  to   space 2560K, 0% used [0x00000000ed600000,0x00000000ed600000,0x00000000ed880000)
 ParOldGen       total 140288K, used 104814K [0x00000000c2400000, 0x00000000cad00000, 0x00000000eb700000)
  object space 140288K, 74% used [0x00000000c2400000,0x00000000c8a5bb98,0x00000000cad00000)
 Metaspace       used 11533K, capacity 11728K, committed 11904K, reserved 1060864K
  class space    used 1254K, capacity 1350K, committed 1408K, reserved 1048576K
Event: 1.658 GC heap after
Heap after GC invocations=5 (full 0):
 PSYoungGen      total 34304K, used 2551K [0x00000000eb700000, 0x00000000f0500000, 0x0000000100000000)
  eden space 31744K, 0% used [0x00000000eb700000,0x00000000eb700000,0x00000000ed600000)
  from space 2560K, 99% used [0x00000000ed600000,0x00000000ed87de80,0x00000000ed880000)
  to   space 8192K, 0% used [0x00000000efd00000,0x00000000efd00000,0x00000000f0500000)
 ParOldGen       total 140288K, used 104838K [0x00000000c2400000, 0x00000000cad00000, 0x00000000eb700000)
  object space 140288K, 74% used [0x00000000c2400000,0x00000000c8a61b98,0x00000000cad00000)
 Metaspace       used 11533K, capacity 11728K, committed 11904K, reserved 1060864K
  class space    used 1254K, capacity 1350K, committed 1408K, reserved 1048576K
}
Event: 1.699 GC heap before
{Heap before GC invocations=6 (full 0):
 PSYoungGen      total 34304K, used 34295K [0x00000000eb700000, 0x00000000f0500000, 0x0000000100000000)
  eden space 31744K, 100% used [0x00000000eb700000,0x00000000ed600000,0x00000000ed600000)
  from space 2560K, 99% used [0x00000000ed600000,0x00000000ed87de80,0x00000000ed880000)
  to   space 8192K, 0% used [0x00000000efd00000,0x00000000efd00000,0x00000000f0500000)
 ParOldGen       total 140288K, used 104838K [0x00000000c2400000, 0x00000000cad00000, 0x00000000eb700000)
  object space 140288K, 74% used [0x00000000c2400000,0x00000000c8a61b98,0x00000000cad00000)
 Metaspace       used 11535K, capacity 11728K, committed 11904K, reserved 1060864K
  class space    used 1254K, capacity 1350K, committed 1408K, reserved 1048576K
Event: 1.707 GC heap after
Heap after GC invocations=6 (full 0):
 PSYoungGen      total 70656K, used 2615K [0x00000000eb700000, 0x00000000f0400000, 0x0000000100000000)
  eden space 63488K, 0% used [0x00000000eb700000,0x00000000eb700000,0x00000000ef500000)
  from space 7168K, 36% used [0x00000000efd00000,0x00000000eff8de80,0x00000000f0400000)
  to   space 7680K, 0% used [0x00000000ef500000,0x00000000ef500000,0x00000000efc80000)
 ParOldGen       total 140288K, used 104838K [0x00000000c2400000, 0x00000000cad00000, 0x00000000eb700000)
  object space 140288K, 74% used [0x00000000c2400000,0x00000000c8a61b98,0x00000000cad00000)
 Metaspace       used 11535K, capacity 11728K, committed 11904K, reserved 1060864K
  class space    used 1254K, capacity 1350K, committed 1408K, reserved 1048576K
}
Event: 1.809 GC heap before
{Heap before GC invocations=7 (full 0):
 PSYoungGen      total 70656K, used 66103K [0x00000000eb700000, 0x00000000f0400000, 0x0000000100000000)
  eden space 63488K, 100% used [0x00000000eb700000,0x00000000ef500000,0x00000000ef500000)
  from space 7168K, 36% used [0x00000000efd00000,0x00000000eff8de80,0x00000000f0400000)
  to   space 7680K, 0% used [0x00000000ef500000,0x00000000ef500000,0x00000000efc80000)
 ParOldGen       total 140288K, used 104838K [0x00000000c2400000, 0x00000000cad00000, 0x00000000eb700000)
  object space 140288K, 74% used [0x00000000c2400000,0x00000000c8a61b98,0x00000000cad00000)
 Metaspace       used 11535K, capacity 11728K, committed 11904K, reserved 1060864K
  class space    used 1254K, capacity 1350K, committed 1408K, reserved 1048576K
Event: 1.815 GC heap after
Heap after GC invocations=7 (full 0):
 PSYoungGen      total 71168K, used 1408K [0x00000000eb700000, 0x00000000f4200000, 0x0000000100000000)
  eden space 63488K, 0% used [0x00000000eb700000,0x00000000eb700000,0x00000000ef500000)
  from space 7680K, 18% used [0x00000000ef500000,0x00000000ef660010,0x00000000efc80000)
  to   space 7680K, 0% used [0x00000000f3a80000,0x00000000f3a80000,0x00000000f4200000)
 ParOldGen       total 140288K, used 106058K [0x00000000c2400000, 0x00000000cad00000, 0x00000000eb700000)
  object space 140288K, 75% used [0x00000000c2400000,0x00000000c8b92a98,0x00000000cad00000)
 Metaspace       used 11535K, capacity 11728K, committed 11904K, reserved 1060864K
  class space    used 1254K, capacity 1350K, committed 1408K, reserved 1048576K
}
Event: 1.873 GC heap before
{Heap before GC invocations=8 (full 0):
 PSYoungGen      total 71168K, used 64896K [0x00000000eb700000, 0x00000000f4200000, 0x0000000100000000)
  eden space 63488K, 100% used [0x00000000eb700000,0x00000000ef500000,0x00000000ef500000)
  from space 7680K, 18% used [0x00000000ef500000,0x00000000ef660010,0x00000000efc80000)
  to   space 7680K, 0% used [0x00000000f3a80000,0x00000000f3a80000,0x00000000f4200000)
 ParOldGen       total 140288K, used 106058K [0x00000000c2400000, 0x00000000cad00000, 0x00000000eb700000)
  object space 140288K, 75% used [0x00000000c2400000,0x00000000c8b92a98,0x00000000cad00000)
 Metaspace       used 11535K, capacity 11728K, committed 11904K, reserved 1060864K
  class space    used 1254K, capacity 1350K, committed 1408K, reserved 1048576K
Event: 1.878 GC heap after
Heap after GC invocations=8 (full 0):
 PSYoungGen      total 134144K, used 32K [0x00000000eb700000, 0x00000000f4300000, 0x0000000100000000)
  eden space 126464K, 0% used [0x00000000eb700000,0x00000000eb700000,0x00000000f3280000)
  from space 7680K, 0% used [0x00000000f3a80000,0x00000000f3a88000,0x00000000f4200000)
  to   space 8192K, 0% used [0x00000000f3280000,0x00000000f3280000,0x00000000f3a80000)
 ParOldGen       total 140288K, used 107370K [0x00000000c2400000, 0x00000000cad00000, 0x00000000eb700000)
  object space 140288K, 76% used [0x00000000c2400000,0x00000000c8cdaaa8,0x00000000cad00000)
 Metaspace       used 11535K, capacity 11728K, committed 11904K, reserved 1060864K
  class space    used 1254K, capacity 1350K, committed 1408K, reserved 1048576K
}
Event: 2.380 GC heap before
{Heap before GC invocations=9 (full 0):
 PSYoungGen      total 134144K, used 126496K [0x00000000eb700000, 0x00000000f4300000, 0x0000000100000000)
  eden space 126464K, 100% used [0x00000000eb700000,0x00000000f3280000,0x00000000f3280000)
  from space 7680K, 0% used [0x00000000f3a80000,0x00000000f3a88000,0x00000000f4200000)
  to   space 8192K, 0% used [0x00000000f3280000,0x00000000f3280000,0x00000000f3a80000)
 ParOldGen       total 140288K, used 107370K [0x00000000c2400000, 0x00000000cad00000, 0x00000000eb700000)
  object space 140288K, 76% used [0x00000000c2400000,0x00000000c8cdaaa8,0x00000000cad00000)
 Metaspace       used 11658K, capacity 11856K, committed 12160K, reserved 1060864K
  class space    used 1264K, capacity 1350K, committed 1408K, reserved 1048576K

Deoptimization events (10 events):
Event: 1.985 Thread 0x00007f5c5c061000 Uncommon trap: reason=unstable_if action=reinterpret pc=0x00007f5ca1513520 method=org.apache.hadoop.io.WritableComparator.compareBytes([BII[BII)I @ 30
Event: 1.987 Thread 0x00007f5c5c061000 Uncommon trap: reason=unstable_if action=reinterpret pc=0x00007f5ca1508150 method=org.apache.hadoop.io.WritableComparator.compareBytes([BII[BII)I @ 30
Event: 2.087 Thread 0x00007f5c6800d000 Uncommon trap: reason=unstable_if action=reinterpret pc=0x00007f5ca151b6a8 method=org.apache.hadoop.mapred.MapTask$MapOutputBuffer.collect(Ljava/lang/Object;Ljava/lang/Object;I)V @ 179
Event: 2.141 Thread 0x00007f5c5c061000 Uncommon trap: reason=unstable_if action=reinterpret pc=0x00007f5ca1525498 method=org.apache.hadoop.util.QuickSort.sortInternal(Lorg/apache/hadoop/util/IndexedSortable;IILorg/apache/hadoop/util/Progressable;I)V @ 83
Event: 2.174 Thread 0x00007f5c5c061000 Uncommon trap: reason=class_check action=maybe_recompile pc=0x00007f5ca14c4920 method=org.apache.hadoop.io.WritableUtils.writeVLong(Ljava/io/DataOutput;J)V @ 20
Event: 2.174 Thread 0x00007f5c5c061000 Uncommon trap: reason=class_check action=maybe_recompile pc=0x00007f5ca14c4920 method=org.apache.hadoop.io.WritableUtils.writeVLong(Ljava/io/DataOutput;J)V @ 20
Event: 2.174 Thread 0x00007f5c5c061000 Uncommon trap: reason=class_check action=maybe_recompile pc=0x00007f5ca14c4920 method=org.apache.hadoop.io.WritableUtils.writeVLong(Ljava/io/DataOutput;J)V @ 20
Event: 2.174 Thread 0x00007f5c5c061000 Uncommon trap: reason=class_check action=maybe_recompile pc=0x00007f5ca14c4920 method=org.apache.hadoop.io.WritableUtils.writeVLong(Ljava/io/DataOutput;J)V @ 20
Event: 2.309 Thread 0x00007f5c5c061000 Uncommon trap: reason=unstable_if action=reinterpret pc=0x00007f5ca154c1fc method=org.apache.hadoop.mapred.MapTask$MapOutputBuffer.getVBytesForOffset(ILorg/apache/hadoop/mapred/MapTask$MapOutputBuffer$InMemValBytes;)V @ 21
Event: 2.320 Thread 0x00007f5c5c061000 Uncommon trap: reason=unstable_if action=reinterpret pc=0x00007f5ca14a4c08 method=java.util.concurrent.locks.AbstractQueuedSynchronizer.release(I)Z @ 21

Classes redefined (0 events):
No events

Internal exceptions (10 events):
Event: 0.569 Thread 0x00007f5cb0011000 Exception <a 'java/lang/ClassNotFoundException': org/apache/log4j/WriterAppenderBeanInfo> (0x00000000ebdfd370) thrown at [/HUDSON/workspace/8-2-build-linux-amd64/jdk8u201/12317/hotspot/src/share/vm/classfile/systemDictionary.cpp, line 210]
Event: 0.570 Thread 0x00007f5cb0011000 Exception <a 'java/lang/ClassNotFoundException': org/apache/log4j/AppenderSkeletonBeanInfo> (0x00000000ebe17728) thrown at [/HUDSON/workspace/8-2-build-linux-amd64/jdk8u201/12317/hotspot/src/share/vm/classfile/systemDictionary.cpp, line 210]
Event: 0.570 Thread 0x00007f5cb0011000 Exception <a 'java/lang/ClassNotFoundException': org/apache/log4j/AppenderSkeletonCustomizer> (0x00000000ebe334d8) thrown at [/HUDSON/workspace/8-2-build-linux-amd64/jdk8u201/12317/hotspot/src/share/vm/classfile/systemDictionary.cpp, line 210]
Event: 0.573 Thread 0x00007f5cb0011000 Exception <a 'java/lang/ClassNotFoundException': org/apache/log4j/WriterAppenderCustomizer> (0x00000000ebe642d0) thrown at [/HUDSON/workspace/8-2-build-linux-amd64/jdk8u201/12317/hotspot/src/share/vm/classfile/systemDictionary.cpp, line 210]
Event: 0.575 Thread 0x00007f5cb0011000 Exception <a 'java/lang/ClassNotFoundException': org/apache/log4j/ConsoleAppenderCustomizer> (0x00000000ebe8ad18) thrown at [/HUDSON/workspace/8-2-build-linux-amd64/jdk8u201/12317/hotspot/src/share/vm/classfile/systemDictionary.cpp, line 210]
Event: 0.808 Thread 0x00007f5cb0011000 Exception <a 'java/io/FileNotFoundException'> (0x00000000ec205610) thrown at [/HUDSON/workspace/8-2-build-linux-amd64/jdk8u201/12317/hotspot/src/share/vm/prims/jni.cpp, line 709]
Event: 0.808 Thread 0x00007f5cb0011000 Exception <a 'java/security/PrivilegedActionException'> (0x00000000ec205a78) thrown at [/HUDSON/workspace/8-2-build-linux-amd64/jdk8u201/12317/hotspot/src/share/vm/prims/jvm.cpp, line 1502]
Event: 0.809 Thread 0x00007f5cb0011000 Exception <a 'java/lang/reflect/InvocationTargetException'> (0x00000000ec207b38) thrown at [/HUDSON/workspace/8-2-build-linux-amd64/jdk8u201/12317/hotspot/src/share/vm/runtime/reflection.cpp, line 1092]
Event: 1.298 Thread 0x00007f5c6800d000 Exception <a 'java/lang/NoSuchFieldError': method resolution failed> (0x00000000ec35c770) thrown at [/HUDSON/workspace/8-2-build-linux-amd64/jdk8u201/12317/hotspot/src/share/vm/prims/methodHandles.cpp, line 1167]
Event: 1.300 Thread 0x00007f5c6800d000 Exception <a 'java/lang/NoSuchFieldError': method resolution failed> (0x00000000ec369e60) thrown at [/HUDSON/workspace/8-2-build-linux-amd64/jdk8u201/12317/hotspot/src/share/vm/prims/methodHandles.cpp, line 1167]

Events (10 events):
Event: 2.183 loading class org/apache/hadoop/mapred/TaskCompletionEvent$Status done
Event: 2.287 Thread 0x00007f5c5c061000 DEOPT PACKING pc=0x00007f5ca153b239 sp=0x00007f5c9c412670
Event: 2.287 Thread 0x00007f5c5c061000 DEOPT UNPACKING pc=0x00007f5ca1047784 sp=0x00007f5c9c4125f8 mode 0
Event: 2.309 Thread 0x00007f5c5c061000 Uncommon trap: trap_request=0xffffff65 fr.pc=0x00007f5ca154c1fc
Event: 2.309 Thread 0x00007f5c5c061000 DEOPT PACKING pc=0x00007f5ca154c1fc sp=0x00007f5c9c4128c0
Event: 2.309 Thread 0x00007f5c5c061000 DEOPT UNPACKING pc=0x00007f5ca104573a sp=0x00007f5c9c412800 mode 2
Event: 2.320 Thread 0x00007f5c5c061000 Uncommon trap: trap_request=0xffffff65 fr.pc=0x00007f5ca14a4c08
Event: 2.320 Thread 0x00007f5c5c061000 DEOPT PACKING pc=0x00007f5ca14a4c08 sp=0x00007f5c9c412890
Event: 2.320 Thread 0x00007f5c5c061000 DEOPT UNPACKING pc=0x00007f5ca104573a sp=0x00007f5c9c412860 mode 2
Event: 2.379 Executing VM operation: ParallelGCFailedAllocation


Dynamic libraries:
00400000-00401000 r-xp 00000000 08:01 393270                             /usr/local/lib/jdk1.8.0_201/bin/java
00600000-00601000 r--p 00000000 08:01 393270                             /usr/local/lib/jdk1.8.0_201/bin/java
00601000-00602000 rw-p 00001000 08:01 393270                             /usr/local/lib/jdk1.8.0_201/bin/java
00caf000-00cd0000 rw-p 00000000 00:00 0                                  [heap]
c2400000-cad00000 rw-p 00000000 00:00 0 
cad00000-eb700000 ---p 00000000 00:00 0 
eb700000-f4300000 rw-p 00000000 00:00 0 
f8d00000-100000000 ---p 00000000 00:00 0 
100000000-100160000 rw-p 00000000 00:00 0 
100160000-140000000 ---p 00000000 00:00 0 
7f5c54000000-7f5c54021000 rw-p 00000000 00:00 0 
7f5c54021000-7f5c58000000 ---p 00000000 00:00 0 
7f5c58000000-7f5c58021000 rw-p 00000000 00:00 0 
7f5c58021000-7f5c5c000000 ---p 00000000 00:00 0 
7f5c5c000000-7f5c5c06a000 rw-p 00000000 00:00 0 
7f5c5c06a000-7f5c60000000 ---p 00000000 00:00 0 
7f5c60000000-7f5c60021000 rw-p 00000000 00:00 0 
7f5c60021000-7f5c64000000 ---p 00000000 00:00 0 
7f5c64000000-7f5c64021000 rw-p 00000000 00:00 0 
7f5c64021000-7f5c68000000 ---p 00000000 00:00 0 
7f5c68000000-7f5c68021000 rw-p 00000000 00:00 0 
7f5c68021000-7f5c6c000000 ---p 00000000 00:00 0 
7f5c6c000000-7f5c6c315000 rw-p 00000000 00:00 0 
7f5c6c315000-7f5c70000000 ---p 00000000 00:00 0 
7f5c70000000-7f5c70021000 rw-p 00000000 00:00 0 
7f5c70021000-7f5c74000000 ---p 00000000 00:00 0 
7f5c74000000-7f5c74532000 rw-p 00000000 00:00 0 
7f5c74532000-7f5c78000000 ---p 00000000 00:00 0 
7f5c78000000-7f5c785b3000 rw-p 00000000 00:00 0 
7f5c785b3000-7f5c7c000000 ---p 00000000 00:00 0 
7f5c7c000000-7f5c7c021000 rw-p 00000000 00:00 0 
7f5c7c021000-7f5c80000000 ---p 00000000 00:00 0 
7f5c80000000-7f5c80021000 rw-p 00000000 00:00 0 
7f5c80021000-7f5c84000000 ---p 00000000 00:00 0 
7f5c84000000-7f5c8429b000 rw-p 00000000 00:00 0 
7f5c8429b000-7f5c88000000 ---p 00000000 00:00 0 
7f5c88000000-7f5c88021000 rw-p 00000000 00:00 0 
7f5c88021000-7f5c8c000000 ---p 00000000 00:00 0 
7f5c8c000000-7f5c8c021000 rw-p 00000000 00:00 0 
7f5c8c021000-7f5c90000000 ---p 00000000 00:00 0 
7f5c90000000-7f5c90021000 rw-p 00000000 00:00 0 
7f5c90021000-7f5c94000000 ---p 00000000 00:00 0 
7f5c94000000-7f5c94021000 rw-p 00000000 00:00 0 
7f5c94021000-7f5c98000000 ---p 00000000 00:00 0 
7f5c98000000-7f5c98021000 rw-p 00000000 00:00 0 
7f5c98021000-7f5c9c000000 ---p 00000000 00:00 0 
7f5c9c113000-7f5c9c193000 rw-p 00000000 00:00 0 
7f5c9c193000-7f5c9c313000 ---p 00000000 00:00 0 
7f5c9c313000-7f5c9c316000 ---p 00000000 00:00 0 
7f5c9c316000-7f5c9c414000 rw-p 00000000 00:00 0 
7f5c9c414000-7f5c9c417000 ---p 00000000 00:00 0 
7f5c9c417000-7f5c9c44d000 rw-p 00000000 00:00 0 
7f5c9c44d000-7f5c9c450000 ---p 00000000 00:00 0 
7f5c9c450000-7f5c9c54e000 rw-p 00000000 00:00 0 
7f5c9c54e000-7f5c9c551000 ---p 00000000 00:00 0 
7f5c9c551000-7f5c9c64f000 rw-p 00000000 00:00 0 
7f5c9c64f000-7f5c9c652000 ---p 00000000 00:00 0 
7f5c9c652000-7f5c9c950000 rw-p 00000000 00:00 0 
7f5c9c950000-7f5c9c955000 r--s 002f9000 08:01 394768                     /usr/local/lib/jdk1.8.0_201/jre/lib/charsets.jar
7f5c9c955000-7f5c9c968000 r--s 00345000 08:01 394808                     /usr/local/lib/jdk1.8.0_201/jre/lib/resources.jar
7f5c9c968000-7f5c9c97e000 r-xp 00000000 08:01 394987                     /usr/local/lib/jdk1.8.0_201/jre/lib/amd64/libnet.so
7f5c9c97e000-7f5c9cb7e000 ---p 00016000 08:01 394987                     /usr/local/lib/jdk1.8.0_201/jre/lib/amd64/libnet.so
7f5c9cb7e000-7f5c9cb7f000 r--p 00016000 08:01 394987                     /usr/local/lib/jdk1.8.0_201/jre/lib/amd64/libnet.so
7f5c9cb7f000-7f5c9cb80000 rw-p 00017000 08:01 394987                     /usr/local/lib/jdk1.8.0_201/jre/lib/amd64/libnet.so
7f5c9cb80000-7f5c9cb82000 r--s 00009000 08:01 394829                     /usr/local/lib/jdk1.8.0_201/jre/lib/ext/sunec.jar
7f5c9cb82000-7f5c9cb86000 r--s 0003a000 08:01 394836                     /usr/local/lib/jdk1.8.0_201/jre/lib/ext/sunpkcs11.jar
7f5c9cb86000-7f5c9cb8a000 r--s 000a1000 08:01 394827                     /usr/local/lib/jdk1.8.0_201/jre/lib/jsse.jar
7f5c9cb8a000-7f5c9cb8d000 r--s 0001a000 08:01 395003                     /usr/local/lib/jdk1.8.0_201/jre/lib/jce.jar
7f5c9cb8d000-7f5c9cb8e000 r-xp 00000000 08:01 394972                     /usr/local/lib/jdk1.8.0_201/jre/lib/amd64/libjaas_unix.so
7f5c9cb8e000-7f5c9cd8d000 ---p 00001000 08:01 394972                     /usr/local/lib/jdk1.8.0_201/jre/lib/amd64/libjaas_unix.so
7f5c9cd8d000-7f5c9cd8e000 r--p 00000000 08:01 394972                     /usr/local/lib/jdk1.8.0_201/jre/lib/amd64/libjaas_unix.so
7f5c9cd8e000-7f5c9cd8f000 rw-p 00001000 08:01 394972                     /usr/local/lib/jdk1.8.0_201/jre/lib/amd64/libjaas_unix.so
7f5c9cd8f000-7f5c9cd98000 r-xp 00000000 08:01 394995                     /usr/local/lib/jdk1.8.0_201/jre/lib/amd64/libmanagement.so
7f5c9cd98000-7f5c9cf97000 ---p 00009000 08:01 394995                     /usr/local/lib/jdk1.8.0_201/jre/lib/amd64/libmanagement.so
7f5c9cf97000-7f5c9cf98000 r--p 00008000 08:01 394995                     /usr/local/lib/jdk1.8.0_201/jre/lib/amd64/libmanagement.so
7f5c9cf98000-7f5c9cf99000 rw-p 00009000 08:01 394995                     /usr/local/lib/jdk1.8.0_201/jre/lib/amd64/libmanagement.so
7f5c9cf99000-7f5c9cf9a000 r--s 00014000 08:01 917799                     /home/ubuntu/.m2/repository/org/apache/hadoop/hadoop-mapreduce-client-jobclient/3.2.0/hadoop-mapreduce-client-jobclient-3.2.0.jar
7f5c9cf9a000-7f5c9cfa7000 r--s 000b8000 08:01 917784                     /home/ubuntu/.m2/repository/org/apache/hadoop/hadoop-mapreduce-client-common/3.2.0/hadoop-mapreduce-client-common-3.2.0.jar
7f5c9cfa7000-7f5c9cfa9000 r--s 00011000 08:01 917796                     /home/ubuntu/.m2/repository/com/google/inject/extensions/guice-servlet/4.0/guice-servlet-4.0.jar
7f5c9cfa9000-7f5c9cfaa000 r--s 00007000 08:01 917793                     /home/ubuntu/.m2/repository/com/fasterxml/jackson/jaxrs/jackson-jaxrs-base/2.9.5/jackson-jaxrs-base-2.9.5.jar
7f5c9cfaa000-7f5c9cfab000 r--s 00003000 08:01 917791                     /home/ubuntu/.m2/repository/com/fasterxml/jackson/jaxrs/jackson-jaxrs-json-provider/2.9.5/jackson-jaxrs-json-provider-2.9.5.jar
7f5c9cfab000-7f5c9cfac000 r--s 00007000 08:01 917788                     /home/ubuntu/.m2/repository/com/fasterxml/jackson/module/jackson-module-jaxb-annotations/2.9.5/jackson-module-jaxb-annotations-2.9.5.jar
7f5c9cfac000-7f5c9cfad000 r--s 00003000 08:01 917783                     /home/ubuntu/.m2/repository/com/sun/jersey/contribs/jersey-guice/1.19/jersey-guice-1.19.jar
7f5c9cfad000-7f5c9cfaf000 r--s 00000000 08:01 917786                     /home/ubuntu/.m2/repository/aopalliance/aopalliance/1.0/aopalliance-1.0.jar
7f5c9cfaf000-7f5c9cfb0000 r--s 00000000 08:01 917779                     /home/ubuntu/.m2/repository/javax/inject/javax.inject/1/javax.inject-1.jar
7f5c9cfb0000-7f5c9cfbe000 r--s 00096000 08:01 917780                     /home/ubuntu/.m2/repository/com/google/inject/guice/4.0/guice-4.0.jar
7f5c9cfbe000-7f5c9cfc1000 r--s 0001e000 08:01 917777                     /home/ubuntu/.m2/repository/com/sun/jersey/jersey-client/1.19/jersey-client-1.19.jar
7f5c9cfc1000-7f5c9cfe5000 r--s 002a0000 08:01 917774                     /home/ubuntu/.m2/repository/org/apache/hadoop/hadoop-yarn-common/3.2.0/hadoop-yarn-common-3.2.0.jar
7f5c9cfe5000-7f5c9cfff000 r--s 0017b000 08:01 917769                     /home/ubuntu/.m2/repository/org/apache/hadoop/hadoop-mapreduce-client-core/3.2.0/hadoop-mapreduce-client-core-3.2.0.jar
7f5c9cfff000-7f5c9d003000 r--s 0004a000 08:01 917771                     /home/ubuntu/.m2/repository/org/apache/hadoop/hadoop-yarn-client/3.2.0/hadoop-yarn-client-3.2.0.jar
7f5c9d003000-7f5c9d006000 r--s 00016000 08:01 788794                     /home/ubuntu/.m2/repository/javax/xml/bind/jaxb-api/2.2.11/jaxb-api-2.2.11.jar
7f5c9d006000-7f5c9d033000 r--s 002f5000 08:01 917707                     /home/ubuntu/.m2/repository/org/apache/hadoop/hadoop-yarn-api/3.2.0/hadoop-yarn-api-3.2.0.jar
7f5c9d033000-7f5c9d035000 r--s 0000f000 08:01 917767                     /home/ubuntu/.m2/repository/com/squareup/okio/okio/1.6.0/okio-1.6.0.jar
7f5c9d035000-7f5c9d03a000 r--s 0004c000 08:01 917766                     /home/ubuntu/.m2/repository/com/squareup/okhttp/okhttp/2.7.5/okhttp-2.7.5.jar
7f5c9d03a000-7f5c9d07f000 r--s 00486000 08:01 917708                     /home/ubuntu/.m2/repository/org/apache/hadoop/hadoop-hdfs-client/3.2.0/hadoop-hdfs-client-3.2.0.jar
7f5c9d07f000-7f5c9d080000 r--s 0000a000 08:01 917700                     /home/ubuntu/.m2/repository/org/apache/hadoop/hadoop-client/3.2.0/hadoop-client-3.2.0.jar
7f5c9d080000-7f5c9d083000 r--s 000fd000 08:01 917699                     /home/ubuntu/.m2/repository/org/fusesource/leveldbjni/leveldbjni-all/1.8/leveldbjni-all-1.8.jar
7f5c9d083000-7f5c9d0aa000 r--s 00205000 08:01 788788                     /home/ubuntu/.m2/repository/io/netty/netty-all/4.0.52.Final/netty-all-4.0.52.Final.jar
7f5c9d0aa000-7f5c9d0c3000 r--s 0012c000 08:01 788785                     /home/ubuntu/.m2/repository/io/netty/netty/3.10.5.Final/netty-3.10.5.Final.jar
7f5c9d0c3000-7f5c9d0c4000 r--s 00005000 08:01 788783                     /home/ubuntu/.m2/repository/commons-daemon/commons-daemon/1.0.13/commons-daemon-1.0.13.jar
7f5c9d0c4000-7f5c9d0c6000 r--s 00008000 08:01 788742                     /home/ubuntu/.m2/repository/org/eclipse/jetty/jetty-util-ajax/9.3.24.v20180605/jetty-util-ajax-9.3.24.v20180605.jar
7f5c9d0c6000-7f5c9d10e000 r--s 00557000 08:01 788759                     /home/ubuntu/.m2/repository/org/apache/hadoop/hadoop-hdfs/3.2.0/hadoop-hdfs-3.2.0.jar
7f5c9d10e000-7f5c9d113000 r--s 00047000 08:01 788777                     /home/ubuntu/.m2/repository/dnsjava/dnsjava/2.1.7/dnsjava-2.1.7.jar
7f5c9d113000-7f5c9d119000 r--s 00078000 08:01 788732                     /home/ubuntu/.m2/repository/com/fasterxml/woodstox/woodstox-core/5.0.3/woodstox-core-5.0.3.jar
7f5c9d119000-7f5c9d11d000 r--s 00024000 08:01 788714                     /home/ubuntu/.m2/repository/org/codehaus/woodstox/stax2-api/3.1.4/stax2-api-3.1.4.jar
7f5c9d11d000-7f5c9d121000 r--s 0004b000 08:01 788741                     /home/ubuntu/.m2/repository/com/fasterxml/jackson/core/jackson-core/2.9.5/jackson-core-2.9.5.jar
7f5c9d121000-7f5c9d124000 r--s 0000e000 08:01 788734                     /home/ubuntu/.m2/repository/com/fasterxml/jackson/core/jackson-annotations/2.9.0/jackson-annotations-2.9.0.jar
7f5c9d124000-7f5c9d137000 r--s 00135000 08:01 788767                     /home/ubuntu/.m2/repository/com/fasterxml/jackson/core/jackson-databind/2.9.5/jackson-databind-2.9.5.jar
7f5c9d137000-7f5c9d139000 r--s 00006000 08:01 788765                     /home/ubuntu/.m2/repository/org/apache/kerby/kerby-xdr/1.0.1/kerby-xdr-1.0.1.jar
7f5c9d139000-7f5c9d13a000 r--s 00004000 08:01 788751                     /home/ubuntu/.m2/repository/org/apache/kerby/kerb-identity/1.0.1/kerb-identity-1.0.1.jar
7f5c9d13a000-7f5c9d13d000 r--s 00012000 08:01 788761                     /home/ubuntu/.m2/repository/org/apache/kerby/kerb-server/1.0.1/kerb-server-1.0.1.jar
7f5c9d13d000-7f5c9d140000 r--s 00011000 08:01 788738                     /home/ubuntu/.m2/repository/org/apache/kerby/kerb-admin/1.0.1/kerb-admin-1.0.1.jar
7f5c9d140000-7f5c9d141000 r--s 00004000 08:01 788758                     /home/ubuntu/.m2/repository/org/apache/kerby/token-provider/1.0.1/token-provider-1.0.1.jar
7f5c9d141000-7f5c9d142000 r--s 00008000 08:01 788756                     /home/ubuntu/.m2/repository/org/apache/kerby/kerb-util/1.0.1/kerb-util-1.0.1.jar
7f5c9d142000-7f5c9d146000 r--s 00019000 08:01 788754                     /home/ubuntu/.m2/repository/org/apache/kerby/kerb-crypto/1.0.1/kerb-crypto-1.0.1.jar
7f5c9d146000-7f5c9d148000 r--s 0000e000 08:01 788764                     /home/ubuntu/.m2/repository/org/apache/kerby/kerb-common/1.0.1/kerb-common-1.0.1.jar
7f5c9d148000-7f5c9d149000 r--s 00009000 08:01 788749                     /home/ubuntu/.m2/repository/org/apache/kerby/kerby-util/1.0.1/kerby-util-1.0.1.jar
7f5c9d149000-7f5c9d14b000 r--s 00017000 08:01 788747                     /home/ubuntu/.m2/repository/org/apache/kerby/kerby-asn1/1.0.1/kerby-asn1-1.0.1.jar
7f5c9d14b000-7f5c9d152000 r--s 0002b000 08:01 788727                     /home/ubuntu/.m2/repository/org/apache/kerby/kerby-pkix/1.0.1/kerby-pkix-1.0.1.jar
7f5c9d152000-7f5c9d159000 r--s 00031000 08:01 788745                     /home/ubuntu/.m2/repository/org/apache/kerby/kerb-core/1.0.1/kerb-core-1.0.1.jar
7f5c9d159000-7f5c9d15b000 r--s 00006000 08:01 788753                     /home/ubuntu/.m2/repository/org/apache/kerby/kerby-config/1.0.1/kerby-config-1.0.1.jar
7f5c9d15b000-7f5c9d15e000 r--s 00019000 08:01 788739                     /home/ubuntu/.m2/repository/org/apache/kerby/kerb-client/1.0.1/kerb-client-1.0.1.jar
7f5c9d15e000-7f5c9d15f000 r--s 00004000 08:01 788737                     /home/ubuntu/.m2/repository/org/apache/kerby/kerb-simplekdc/1.0.1/kerb-simplekdc-1.0.1.jar
7f5c9d15f000-7f5c9d163000 r--s 00014000 08:01 788735                     /home/ubuntu/.m2/repository/org/tukaani/xz/1.0/xz-1.0.jar
7f5c9d163000-7f5c9d168000 r--s 00036000 08:01 788705                     /home/ubuntu/.m2/repository/org/apache/commons/commons-compress/1.4.1/commons-compress-1.4.1.jar
7f5c9d168000-7f5c9d169000 r--s 00004000 08:01 788715                     /home/ubuntu/.m2/repository/org/apache/yetus/audience-annotations/0.5.0/audience-annotations-0.5.0.jar
7f5c9d169000-7f5c9d16b000 r--s 00014000 08:01 788729                     /home/ubuntu/.m2/repository/jline/jline/0.9.94/jline-0.9.94.jar
7f5c9d16b000-7f5c9d178000 r--s 000d1000 08:01 788728                     /home/ubuntu/.m2/repository/org/apache/zookeeper/zookeeper/3.4.13/zookeeper-3.4.13.jar
7f5c9d178000-7f5c9d192000 r--s 00155000 08:01 788725                     /home/ubuntu/.m2/repository/org/apache/htrace/htrace-core4/4.1.0-incubating/htrace-core4-4.1.0-incubating.jar
7f5c9d192000-7f5c9d195000 r--s 00006000 08:01 788717                     /home/ubuntu/.m2/repository/com/google/code/findbugs/jsr305/3.0.0/jsr305-3.0.0.jar
7f5c9d195000-7f5c9d19d000 r--s 0003e000 08:01 788708                     /home/ubuntu/.m2/repository/org/apache/curator/curator-recipes/2.12.0/curator-recipes-2.12.0.jar
7f5c9d19d000-7f5c9d1d4000 r--s 00219000 08:01 788719                     /home/ubuntu/.m2/repository/org/apache/curator/curator-client/2.12.0/curator-client-2.12.0.jar
7f5c9d1d4000-7f5c9d1d9000 r--s 00040000 08:01 788703                     /home/ubuntu/.m2/repository/com/jcraft/jsch/0.1.54/jsch-0.1.54.jar
7f5c9d1d9000-7f5c9d1df000 r--s 0002c000 08:01 788690                     /home/ubuntu/.m2/repository/org/apache/curator/curator-framework/2.12.0/curator-framework-2.12.0.jar
7f5c9d1df000-7f5c9d1e1000 r--s 0000c000 08:01 788687                     /home/ubuntu/.m2/repository/org/ow2/asm/asm/5.0.4/asm-5.0.4.jar
7f5c9d1e1000-7f5c9d1e3000 r--s 00006000 08:01 788683                     /home/ubuntu/.m2/repository/net/minidev/accessors-smart/1.2/accessors-smart-1.2.jar
7f5c9d1e3000-7f5c9d1e6000 r--s 0001b000 08:01 788709                     /home/ubuntu/.m2/repository/net/minidev/json-smart/2.3/json-smart-2.3.jar
7f5c9d1e6000-7f5c9d1e8000 r--s 00000000 08:01 788707                     /home/ubuntu/.m2/repository/com/github/stephenc/jcip/jcip-annotations/1.0-1/jcip-annotations-1.0-1.jar
7f5c9d1e8000-7f5c9d1ee000 r--s 00044000 08:01 788695                     /home/ubuntu/.m2/repository/com/nimbusds/nimbus-jose-jwt/4.41.1/nimbus-jose-jwt-4.41.1.jar
7f5c9d1ee000-7f5c9d1f0000 r--s 00020000 08:01 788694                     /home/ubuntu/.m2/repository/org/apache/hadoop/hadoop-auth/3.2.0/hadoop-auth-3.2.0.jar
7f5c9d1f0000-7f5c9d1f5000 r--s 0002a000 08:01 788692                     /home/ubuntu/.m2/repository/com/google/code/gson/gson/2.2.4/gson-2.2.4.jar
7f5c9d1f5000-7f5c9d1fd000 r--s 0007b000 08:01 788700                     /home/ubuntu/.m2/repository/com/google/protobuf/protobuf-java/2.5.0/protobuf-java-2.5.0.jar
7f5c9d1fd000-7f5c9d1ff000 r--s 0001e000 08:01 788685                     /home/ubuntu/.m2/repository/com/google/re2j/re2j/1.1/re2j-1.1.jar
7f5c9d1ff000-7f5c9d201000 r--s 00130000 08:01 788696                     /home/ubuntu/.m2/repository/org/xerial/snappy/snappy-java/1.0.5/snappy-java-1.0.5.jar
7f5c9d201000-7f5c9d203000 r--s 00006000 08:01 788659                     /home/ubuntu/.m2/repository/com/thoughtworks/paranamer/paranamer/2.3/paranamer-2.3.jar
7f5c9d203000-7f5c9d20c000 r--s 00062000 08:01 788679                     /home/ubuntu/.m2/repository/org/apache/avro/avro/1.7.7/avro-1.7.7.jar
7f5c9d20c000-7f5c9d20d000 r--s 00002000 08:01 788689                     /home/ubuntu/.m2/repository/org/slf4j/slf4j-log4j12/1.7.25/slf4j-log4j12-1.7.25.jar
7f5c9d20d000-7f5c9d20f000 r--s 00009000 08:01 788688                     /home/ubuntu/.m2/repository/org/slf4j/slf4j-api/1.7.25/slf4j-api-1.7.25.jar
7f5c9d20f000-7f5c9d213000 r--s 00029000 08:01 788615                     /home/ubuntu/.m2/repository/org/apache/commons/commons-text/1.4/commons-text-1.4.jar
7f5c9d213000-7f5c9d21b000 r--s 00072000 08:01 788629                     /home/ubuntu/.m2/repository/org/apache/commons/commons-lang3/3.7/commons-lang3-3.7.jar
7f5c9d21b000-7f5c9d227000 r--s 0008b000 08:01 788682                     /home/ubuntu/.m2/repository/org/apache/commons/commons-configuration2/2.1.1/commons-configuration2-2.1.1.jar
7f5c9d227000-7f5c9d22c000 r--s 00038000 08:01 788672                     /home/ubuntu/.m2/repository/commons-beanutils/commons-beanutils/1.9.3/commons-beanutils-1.9.3.jar
7f5c9d22c000-7f5c9d235000 r--s 0006f000 08:01 788677                     /home/ubuntu/.m2/repository/log4j/log4j/1.2.17/log4j-1.2.17.jar
7f5c9d235000-7f5c9d237000 r--s 0000e000 08:01 788676                     /home/ubuntu/.m2/repository/commons-logging/commons-logging/1.1.3/commons-logging-1.1.3.jar
7f5c9d237000-7f5c9d23b000 r--s 0001c000 08:01 788626                     /home/ubuntu/.m2/repository/com/sun/jersey/jersey-servlet/1.19/jersey-servlet-1.19.jar
7f5c9d23b000-7f5c9d23e000 r--s 00016000 08:01 788651                     /home/ubuntu/.m2/repository/javax/servlet/jsp/jsp-api/2.1/jsp-api-2.1.jar
7f5c9d23e000-7f5c9d23f000 r--s 0000c000 08:01 788650                     /home/ubuntu/.m2/repository/org/eclipse/jetty/jetty-xml/9.3.24.v20180605/jetty-xml-9.3.24.v20180605.jar
7f5c9d23f000-7f5c9d242000 r--s 0001a000 08:01 788648                     /home/ubuntu/.m2/repository/org/eclipse/jetty/jetty-webapp/9.3.24.v20180605/jetty-webapp-9.3.24.v20180605.jar
7f5c9d242000-7f5c9d245000 r--s 00015000 08:01 788646                     /home/ubuntu/.m2/repository/org/eclipse/jetty/jetty-security/9.3.24.v20180605/jetty-security-9.3.24.v20180605.jar
7f5c9d245000-7f5c9d248000 r--s 0001b000 08:01 788644                     /home/ubuntu/.m2/repository/org/eclipse/jetty/jetty-servlet/9.3.24.v20180605/jetty-servlet-9.3.24.v20180605.jar
7f5c9d248000-7f5c9d24f000 r--s 00069000 08:01 788642                     /home/ubuntu/.m2/repository/org/eclipse/jetty/jetty-util/9.3.24.v20180605/jetty-util-9.3.24.v20180605.jar
7f5c9d24f000-7f5c9d252000 r--s 0001b000 08:01 788640                     /home/ubuntu/.m2/repository/org/eclipse/jetty/jetty-io/9.3.24.v20180605/jetty-io-9.3.24.v20180605.jar
7f5c9d252000-7f5c9d255000 r--s 00022000 08:01 788637                     /home/ubuntu/.m2/repository/org/eclipse/jetty/jetty-http/9.3.24.v20180605/jetty-http-9.3.24.v20180605.jar
7f5c9d255000-7f5c9d25d000 r--s 00078000 08:01 788635                     /home/ubuntu/.m2/repository/org/eclipse/jetty/jetty-server/9.3.24.v20180605/jetty-server-9.3.24.v20180605.jar
7f5c9d25d000-7f5c9d260000 r--s 00015000 08:01 788633                     /home/ubuntu/.m2/repository/javax/servlet/javax.servlet-api/3.1.0/javax.servlet-api-3.1.0.jar
7f5c9d260000-7f5c9d26d000 r--s 00083000 08:01 788632                     /home/ubuntu/.m2/repository/commons-collections/commons-collections/3.2.2/commons-collections-3.2.2.jar
7f5c9d26d000-7f5c9d274000 r--s 00049000 08:01 788624                     /home/ubuntu/.m2/repository/org/apache/httpcomponents/httpcore/4.4.4/httpcore-4.4.4.jar
7f5c9d274000-7f5c9d281000 r--s 000a7000 08:01 788619                     /home/ubuntu/.m2/repository/org/apache/httpcomponents/httpclient/4.5.2/httpclient-4.5.2.jar
7f5c9d281000-7f5c9d29e000 r--s 0016a000 08:01 788620                     /home/ubuntu/.m2/repository/org/apache/commons/commons-math3/3.1.1/commons-math3-3.1.1.jar
7f5c9d29e000-7f5c9d2bf000 r--s 00172000 08:01 788616                     /home/ubuntu/.m2/repository/com/google/guava/guava/11.0.2/guava-11.0.2.jar
7f5c9d2bf000-7f5c9d338000 r--s 010fd000 08:01 393377                     /usr/local/lib/jdk1.8.0_201/lib/tools.jar
7f5c9d338000-7f5c9d339000 r--s 0000e000 08:01 788612                     /home/ubuntu/.m2/repository/org/apache/hadoop/hadoop-annotations/3.2.0/hadoop-annotations-3.2.0.jar
7f5c9d339000-7f5c9d377000 r--s 003aa000 08:01 788611                     /home/ubuntu/.m2/repository/org/apache/hadoop/hadoop-common/3.2.0/hadoop-common-3.2.0.jar
7f5c9d377000-7f5c9d384000 r--s 00097000 08:01 920131                     /home/ubuntu/.m2/repository/org/codehaus/jackson/jackson-mapper-asl/1.8.8/jackson-mapper-asl-1.8.8.jar
7f5c9d384000-7f5c9d3a7000 r--s 00344000 08:01 920129                     /home/ubuntu/.m2/repository/org/eclipse/jdt/core/3.1.1/core-3.1.1.jar
7f5c9d3a7000-7f5c9d3a9000 r--s 0000e000 08:01 920127                     /home/ubuntu/.m2/repository/oro/oro/2.0.8/oro-2.0.8.jar
7f5c9d3a9000-7f5c9d3b2000 r--s 000a4000 08:01 920125                     /home/ubuntu/.m2/repository/hsqldb/hsqldb/1.8.0.10/hsqldb-1.8.0.10.jar
7f5c9d3b2000-7f5c9d3b7000 r--s 0004a000 08:01 920123                     /home/ubuntu/.m2/repository/net/java/dev/jets3t/jets3t/0.6.1/jets3t-0.6.1.jar
7f5c9d3b7000-7f5c9d3ba000 r--s 00019000 08:01 919696                     /home/ubuntu/.m2/repository/commons-el/commons-el/1.0/commons-el-1.0.jar
7f5c9d3ba000-7f5c9d3c9000 r--s 000ee000 08:01 920119                     /home/ubuntu/.m2/repository/ant/ant/1.6.5/ant-1.6.5.jar
7f5c9d3c9000-7f5c9d3da000 r--s 000ea000 08:01 920117                     /home/ubuntu/.m2/repository/org/mortbay/jetty/jsp-2.1/6.1.14/jsp-2.1-6.1.14.jar
7f5c9d3da000-7f5c9d3dd000 r--s 0001e000 08:01 920115                     /home/ubuntu/.m2/repository/org/mortbay/jetty/servlet-api-2.5/6.1.14/servlet-api-2.5-6.1.14.jar
7f5c9d3dd000-7f5c9d3e0000 r--s 0001e000 08:01 920113                     /home/ubuntu/.m2/repository/org/mortbay/jetty/jsp-api-2.1/6.1.14/jsp-api-2.1-6.1.14.jar
7f5c9d3e0000-7f5c9d3e5000 r--s 0005e000 08:01 920111                     /home/ubuntu/.m2/repository/tomcat/jasper-compiler/5.5.12/jasper-compiler-5.5.12.jar
7f5c9d3e5000-7f5c9d3e7000 r--s 00011000 08:01 920109                     /home/ubuntu/.m2/repository/tomcat/jasper-runtime/5.5.12/jasper-runtime-5.5.12.jar
7f5c9d3e7000-7f5c9d3eb000 r--s 00028000 08:01 920107                     /home/ubuntu/.m2/repository/org/mortbay/jetty/jetty-util/6.1.26/jetty-util-6.1.26.jar
7f5c9d3eb000-7f5c9d3ed000 r--s 0001f000 08:01 920105                     /home/ubuntu/.m2/repository/org/mortbay/jetty/servlet-api/2.5-20081211/servlet-api-2.5-20081211.jar
7f5c9d3ed000-7f5c9d3f4000 r--s 0007d000 08:01 920103                     /home/ubuntu/.m2/repository/org/mortbay/jetty/jetty/6.1.26/jetty-6.1.26.jar
7f5c9d3f4000-7f5c9d3f9000 r--s 00028000 08:01 920101                     /home/ubuntu/.m2/repository/commons-net/commons-net/1.4.1/commons-net-1.4.1.jar
7f5c9d3f9000-7f5c9d3fd000 r--s 0002f000 08:01 920099                     /home/ubuntu/.m2/repository/commons-beanutils/commons-beanutils-core/1.8.0/commons-beanutils-core-1.8.0.jar
7f5c9d3fd000-7f5c9d401000 r--s 00020000 08:01 920097                     /home/ubuntu/.m2/repository/commons-digester/commons-digester/1.8/commons-digester-1.8.jar
7f5c9d401000-7f5c9d405000 r--s 0003c000 08:01 920095                     /home/ubuntu/.m2/repository/commons-lang/commons-lang/2.4/commons-lang-2.4.jar
7f5c9d405000-7f5c9d40b000 r--s 00043000 08:01 920093                     /home/ubuntu/.m2/repository/commons-configuration/commons-configuration/1.6/commons-configuration-1.6.jar
7f5c9d40b000-7f5c9d41c000 r--s 000bb000 08:01 920091                     /home/ubuntu/.m2/repository/org/apache/commons/commons-math/2.1/commons-math-2.1.jar
7f5c9d41c000-7f5c9d41e000 r--s 0000d000 08:01 920089                     /home/ubuntu/.m2/repository/commons-codec/commons-codec/1.4/commons-codec-1.4.jar
7f5c9d41e000-7f5c9d423000 r--s 00040000 08:01 920087                     /home/ubuntu/.m2/repository/commons-httpclient/commons-httpclient/3.0.1/commons-httpclient-3.0.1.jar
7f5c9d423000-7f5c9d426000 r--s 00025000 08:01 920085                     /home/ubuntu/.m2/repository/commons-io/commons-io/2.1/commons-io-2.1.jar
7f5c9d426000-7f5c9d437000 r--s 00099000 08:01 920081                     /home/ubuntu/.m2/repository/com/sun/jersey/jersey-server/1.8/jersey-server-1.8.jar
7f5c9d437000-7f5c9d439000 r--s 00003000 08:01 920077                     /home/ubuntu/.m2/repository/org/codehaus/jackson/jackson-jaxrs/1.7.1/jackson-jaxrs-1.7.1.jar
7f5c9d439000-7f5c9d43d000 r--s 0002f000 08:01 920075                     /home/ubuntu/.m2/repository/org/codehaus/jackson/jackson-core-asl/1.7.1/jackson-core-asl-1.7.1.jar
7f5c9d43d000-7f5c9d450000 r--s 000c7000 08:01 788664                     /home/ubuntu/.m2/repository/com/sun/xml/bind/jaxb-impl/2.2.3-1/jaxb-impl-2.2.3-1.jar
7f5c9d450000-7f5c9d452000 r--s 00005000 08:01 920073                     /home/ubuntu/.m2/repository/stax/stax-api/1.0.1/stax-api-1.0.1.jar
7f5c9d452000-7f5c9d456000 r--s 00021000 08:01 920071                     /home/ubuntu/.m2/repository/com/sun/jersey/jersey-json/1.8/jersey-json-1.8.jar
7f5c9d456000-7f5c9d460000 r--s 00066000 08:01 920069                     /home/ubuntu/.m2/repository/com/sun/jersey/jersey-core/1.8/jersey-core-1.8.jar
7f5c9d460000-7f5c9d49a000 r--s 003c9000 08:01 920065                     /home/ubuntu/.m2/repository/org/apache/hadoop/hadoop-core/1.2.1/hadoop-core-1.2.1.jar
7f5c9d49a000-7f5c9d49b000 ---p 00000000 00:00 0 
7f5c9d49b000-7f5c9d59b000 rw-p 00000000 00:00 0 
7f5c9d59b000-7f5c9d59e000 ---p 00000000 00:00 0 
7f5c9d59e000-7f5c9d69c000 rw-p 00000000 00:00 0 
7f5c9d69c000-7f5c9d69d000 ---p 00000000 00:00 0 
7f5c9d69d000-7f5c9d6a0000 ---p 00000000 00:00 0 
7f5c9d6a0000-7f5c9d79d000 rw-p 00000000 00:00 0 
7f5c9d79d000-7f5c9d79e000 ---p 00000000 00:00 0 
7f5c9d79e000-7f5c9d7a1000 ---p 00000000 00:00 0 
7f5c9d7a1000-7f5c9d89e000 rw-p 00000000 00:00 0 
7f5c9d89e000-7f5c9d89f000 ---p 00000000 00:00 0 
7f5c9d89f000-7f5c9d8a2000 ---p 00000000 00:00 0 
7f5c9d8a2000-7f5c9d99f000 rw-p 00000000 00:00 0 
7f5c9d99f000-7f5c9d9a2000 ---p 00000000 00:00 0 
7f5c9d9a2000-7f5c9daa0000 rw-p 00000000 00:00 0 
7f5c9daa0000-7f5c9e46f000 r--p 00000000 08:01 7739927                    /usr/lib/locale/locale-archive
7f5c9e46f000-7f5c9e472000 ---p 00000000 00:00 0 
7f5c9e472000-7f5c9e570000 rw-p 00000000 00:00 0 
7f5c9e570000-7f5c9e573000 ---p 00000000 00:00 0 
7f5c9e573000-7f5c9e671000 rw-p 00000000 00:00 0 
7f5c9e671000-7f5c9e672000 ---p 00000000 00:00 0 
7f5c9e672000-7f5ca1000000 rw-p 00000000 00:00 0 
7f5ca1000000-7f5ca1570000 rwxp 00000000 00:00 0 
7f5ca1570000-7f5cb0000000 ---p 00000000 00:00 0 
7f5cb0000000-7f5cb09ef000 rw-p 00000000 00:00 0 
7f5cb09ef000-7f5cb4000000 ---p 00000000 00:00 0 
7f5cb4000000-7f5cb4001000 r--s 0000a000 08:01 920083                     /home/ubuntu/.m2/repository/asm/asm/3.1/asm-3.1.jar
7f5cb4001000-7f5cb401d000 r--s 0013c000 08:01 788606                     /home/ubuntu/.m2/repository/org/apache/logging/log4j/log4j-core/2.8.2/log4j-core-2.8.2.jar
7f5cb401d000-7f5cb4623000 rw-p 00000000 00:00 0 
7f5cb4623000-7f5cb47fd000 r--s 03d6f000 08:01 394770                     /usr/local/lib/jdk1.8.0_201/jre/lib/rt.jar
7f5cb47fd000-7f5cb5261000 rw-p 00000000 00:00 0 
7f5cb5261000-7f5cb5262000 ---p 00000000 00:00 0 
7f5cb5262000-7f5cb5362000 rw-p 00000000 00:00 0 
7f5cb5362000-7f5cb5363000 ---p 00000000 00:00 0 
7f5cb5363000-7f5cb5463000 rw-p 00000000 00:00 0 
7f5cb5463000-7f5cb5464000 ---p 00000000 00:00 0 
7f5cb5464000-7f5cb5564000 rw-p 00000000 00:00 0 
7f5cb5564000-7f5cb5565000 ---p 00000000 00:00 0 
7f5cb5565000-7f5cb56aa000 rw-p 00000000 00:00 0 
7f5cb56aa000-7f5cb57af000 ---p 00000000 00:00 0 
7f5cb57af000-7f5cb57f4000 rw-p 00000000 00:00 0 
7f5cb57f4000-7f5cb58f8000 ---p 00000000 00:00 0 
7f5cb58f8000-7f5cb593f000 rw-p 00000000 00:00 0 
7f5cb593f000-7f5cb599d000 ---p 00000000 00:00 0 
7f5cb599d000-7f5cb59b4000 rw-p 00000000 00:00 0 
7f5cb59b4000-7f5cb5d5e000 ---p 00000000 00:00 0 
7f5cb5d5e000-7f5cb5d79000 r-xp 00000000 08:01 394983                     /usr/local/lib/jdk1.8.0_201/jre/lib/amd64/libzip.so
7f5cb5d79000-7f5cb5f78000 ---p 0001b000 08:01 394983                     /usr/local/lib/jdk1.8.0_201/jre/lib/amd64/libzip.so
7f5cb5f78000-7f5cb5f79000 r--p 0001a000 08:01 394983                     /usr/local/lib/jdk1.8.0_201/jre/lib/amd64/libzip.so
7f5cb5f79000-7f5cb5f7a000 rw-p 0001b000 08:01 394983                     /usr/local/lib/jdk1.8.0_201/jre/lib/amd64/libzip.so
7f5cb5f7a000-7f5cb5f85000 r-xp 00000000 08:01 7082812                    /lib/x86_64-linux-gnu/libnss_files-2.27.so
7f5cb5f85000-7f5cb6184000 ---p 0000b000 08:01 7082812                    /lib/x86_64-linux-gnu/libnss_files-2.27.so
7f5cb6184000-7f5cb6185000 r--p 0000a000 08:01 7082812                    /lib/x86_64-linux-gnu/libnss_files-2.27.so
7f5cb6185000-7f5cb6186000 rw-p 0000b000 08:01 7082812                    /lib/x86_64-linux-gnu/libnss_files-2.27.so
7f5cb6186000-7f5cb618c000 rw-p 00000000 00:00 0 
7f5cb618c000-7f5cb61a3000 r-xp 00000000 08:01 7082806                    /lib/x86_64-linux-gnu/libnsl-2.27.so
7f5cb61a3000-7f5cb63a2000 ---p 00017000 08:01 7082806                    /lib/x86_64-linux-gnu/libnsl-2.27.so
7f5cb63a2000-7f5cb63a3000 r--p 00016000 08:01 7082806                    /lib/x86_64-linux-gnu/libnsl-2.27.so
7f5cb63a3000-7f5cb63a4000 rw-p 00017000 08:01 7082806                    /lib/x86_64-linux-gnu/libnsl-2.27.so
7f5cb63a4000-7f5cb63a6000 rw-p 00000000 00:00 0 
7f5cb63a6000-7f5cb63b1000 r-xp 00000000 08:01 7082823                    /lib/x86_64-linux-gnu/libnss_nis-2.27.so
7f5cb63b1000-7f5cb65b0000 ---p 0000b000 08:01 7082823                    /lib/x86_64-linux-gnu/libnss_nis-2.27.so
7f5cb65b0000-7f5cb65b1000 r--p 0000a000 08:01 7082823                    /lib/x86_64-linux-gnu/libnss_nis-2.27.so
7f5cb65b1000-7f5cb65b2000 rw-p 0000b000 08:01 7082823                    /lib/x86_64-linux-gnu/libnss_nis-2.27.so
7f5cb65b2000-7f5cb65ba000 r-xp 00000000 08:01 7082808                    /lib/x86_64-linux-gnu/libnss_compat-2.27.so
7f5cb65ba000-7f5cb67ba000 ---p 00008000 08:01 7082808                    /lib/x86_64-linux-gnu/libnss_compat-2.27.so
7f5cb67ba000-7f5cb67bb000 r--p 00008000 08:01 7082808                    /lib/x86_64-linux-gnu/libnss_compat-2.27.so
7f5cb67bb000-7f5cb67bc000 rw-p 00009000 08:01 7082808                    /lib/x86_64-linux-gnu/libnss_compat-2.27.so
7f5cb67bc000-7f5cb67e8000 r-xp 00000000 08:01 394977                     /usr/local/lib/jdk1.8.0_201/jre/lib/amd64/libjava.so
7f5cb67e8000-7f5cb69e8000 ---p 0002c000 08:01 394977                     /usr/local/lib/jdk1.8.0_201/jre/lib/amd64/libjava.so
7f5cb69e8000-7f5cb69e9000 r--p 0002c000 08:01 394977                     /usr/local/lib/jdk1.8.0_201/jre/lib/amd64/libjava.so
7f5cb69e9000-7f5cb69eb000 rw-p 0002d000 08:01 394977                     /usr/local/lib/jdk1.8.0_201/jre/lib/amd64/libjava.so
7f5cb69eb000-7f5cb69f8000 r-xp 00000000 08:01 394982                     /usr/local/lib/jdk1.8.0_201/jre/lib/amd64/libverify.so
7f5cb69f8000-7f5cb6bf7000 ---p 0000d000 08:01 394982                     /usr/local/lib/jdk1.8.0_201/jre/lib/amd64/libverify.so
7f5cb6bf7000-7f5cb6bf9000 r--p 0000c000 08:01 394982                     /usr/local/lib/jdk1.8.0_201/jre/lib/amd64/libverify.so
7f5cb6bf9000-7f5cb6bfa000 rw-p 0000e000 08:01 394982                     /usr/local/lib/jdk1.8.0_201/jre/lib/amd64/libverify.so
7f5cb6bfa000-7f5cb6c01000 r-xp 00000000 08:01 7082863                    /lib/x86_64-linux-gnu/librt-2.27.so
7f5cb6c01000-7f5cb6e00000 ---p 00007000 08:01 7082863                    /lib/x86_64-linux-gnu/librt-2.27.so
7f5cb6e00000-7f5cb6e01000 r--p 00006000 08:01 7082863                    /lib/x86_64-linux-gnu/librt-2.27.so
7f5cb6e01000-7f5cb6e02000 rw-p 00007000 08:01 7082863                    /lib/x86_64-linux-gnu/librt-2.27.so
7f5cb6e02000-7f5cb6f9f000 r-xp 00000000 08:01 7082785                    /lib/x86_64-linux-gnu/libm-2.27.so
7f5cb6f9f000-7f5cb719e000 ---p 0019d000 08:01 7082785                    /lib/x86_64-linux-gnu/libm-2.27.so
7f5cb719e000-7f5cb719f000 r--p 0019c000 08:01 7082785                    /lib/x86_64-linux-gnu/libm-2.27.so
7f5cb719f000-7f5cb71a0000 rw-p 0019d000 08:01 7082785                    /lib/x86_64-linux-gnu/libm-2.27.so
7f5cb71a0000-7f5cb7e88000 r-xp 00000000 08:01 394959                     /usr/local/lib/jdk1.8.0_201/jre/lib/amd64/server/libjvm.so
7f5cb7e88000-7f5cb8087000 ---p 00ce8000 08:01 394959                     /usr/local/lib/jdk1.8.0_201/jre/lib/amd64/server/libjvm.so
7f5cb8087000-7f5cb811d000 r--p 00ce7000 08:01 394959                     /usr/local/lib/jdk1.8.0_201/jre/lib/amd64/server/libjvm.so
7f5cb811d000-7f5cb814e000 rw-p 00d7d000 08:01 394959                     /usr/local/lib/jdk1.8.0_201/jre/lib/amd64/server/libjvm.so
7f5cb814e000-7f5cb8189000 rw-p 00000000 00:00 0 
7f5cb8189000-7f5cb8370000 r-xp 00000000 08:01 7082722                    /lib/x86_64-linux-gnu/libc-2.27.so
7f5cb8370000-7f5cb8570000 ---p 001e7000 08:01 7082722                    /lib/x86_64-linux-gnu/libc-2.27.so
7f5cb8570000-7f5cb8574000 r--p 001e7000 08:01 7082722                    /lib/x86_64-linux-gnu/libc-2.27.so
7f5cb8574000-7f5cb8576000 rw-p 001eb000 08:01 7082722                    /lib/x86_64-linux-gnu/libc-2.27.so
7f5cb8576000-7f5cb857a000 rw-p 00000000 00:00 0 
7f5cb857a000-7f5cb857d000 r-xp 00000000 08:01 7082745                    /lib/x86_64-linux-gnu/libdl-2.27.so
7f5cb857d000-7f5cb877c000 ---p 00003000 08:01 7082745                    /lib/x86_64-linux-gnu/libdl-2.27.so
7f5cb877c000-7f5cb877d000 r--p 00002000 08:01 7082745                    /lib/x86_64-linux-gnu/libdl-2.27.so
7f5cb877d000-7f5cb877e000 rw-p 00003000 08:01 7082745                    /lib/x86_64-linux-gnu/libdl-2.27.so
7f5cb877e000-7f5cb8795000 r-xp 00000000 08:01 394632                     /usr/local/lib/jdk1.8.0_201/lib/amd64/jli/libjli.so
7f5cb8795000-7f5cb8994000 ---p 00017000 08:01 394632                     /usr/local/lib/jdk1.8.0_201/lib/amd64/jli/libjli.so
7f5cb8994000-7f5cb8995000 r--p 00016000 08:01 394632                     /usr/local/lib/jdk1.8.0_201/lib/amd64/jli/libjli.so
7f5cb8995000-7f5cb8996000 rw-p 00017000 08:01 394632                     /usr/local/lib/jdk1.8.0_201/lib/amd64/jli/libjli.so
7f5cb8996000-7f5cb89b0000 r-xp 00000000 08:01 7082855                    /lib/x86_64-linux-gnu/libpthread-2.27.so
7f5cb89b0000-7f5cb8baf000 ---p 0001a000 08:01 7082855                    /lib/x86_64-linux-gnu/libpthread-2.27.so
7f5cb8baf000-7f5cb8bb0000 r--p 00019000 08:01 7082855                    /lib/x86_64-linux-gnu/libpthread-2.27.so
7f5cb8bb0000-7f5cb8bb1000 rw-p 0001a000 08:01 7082855                    /lib/x86_64-linux-gnu/libpthread-2.27.so
7f5cb8bb1000-7f5cb8bb5000 rw-p 00000000 00:00 0 
7f5cb8bb5000-7f5cb8bdc000 r-xp 00000000 08:01 7082694                    /lib/x86_64-linux-gnu/ld-2.27.so
7f5cb8bdc000-7f5cb8bdd000 r--s 00007000 08:01 920079                     /home/ubuntu/.m2/repository/org/codehaus/jackson/jackson-xc/1.7.1/jackson-xc-1.7.1.jar
7f5cb8bdd000-7f5cb8cc3000 rw-p 00000000 00:00 0 
7f5cb8cc3000-7f5cb8cc4000 ---p 00000000 00:00 0 
7f5cb8cc4000-7f5cb8cc7000 ---p 00000000 00:00 0 
7f5cb8cc7000-7f5cb8dc8000 rw-p 00000000 00:00 0 
7f5cb8dc8000-7f5cb8dca000 r--s 0000f000 08:01 788661                     /home/ubuntu/.m2/repository/org/codehaus/jettison/jettison/1.1/jettison-1.1.jar
7f5cb8dca000-7f5cb8dcb000 r--s 00003000 08:01 920067                     /home/ubuntu/.m2/repository/xmlenc/xmlenc/0.52/xmlenc-0.52.jar
7f5cb8dcb000-7f5cb8dcd000 r--s 00009000 08:01 788617                     /home/ubuntu/.m2/repository/commons-cli/commons-cli/1.2/commons-cli-1.2.jar
7f5cb8dcd000-7f5cb8dd2000 r--s 00033000 08:01 788609                     /home/ubuntu/.m2/repository/org/apache/logging/log4j/log4j-api/2.8.2/log4j-api-2.8.2.jar
7f5cb8dd2000-7f5cb8dda000 rw-s 00000000 08:01 7605103                    /tmp/hsperfdata_ubuntu/15924
7f5cb8dda000-7f5cb8ddb000 rw-p 00000000 00:00 0 
7f5cb8ddb000-7f5cb8ddc000 ---p 00000000 00:00 0 
7f5cb8ddc000-7f5cb8ddd000 r--p 00027000 08:01 7082694                    /lib/x86_64-linux-gnu/ld-2.27.so
7f5cb8ddd000-7f5cb8dde000 rw-p 00028000 08:01 7082694                    /lib/x86_64-linux-gnu/ld-2.27.so
7f5cb8dde000-7f5cb8ddf000 rw-p 00000000 00:00 0 
7ffcb4962000-7ffcb4986000 rw-p 00000000 00:00 0                          [stack]
7ffcb49ae000-7ffcb49b1000 r--p 00000000 00:00 0                          [vvar]
7ffcb49b1000-7ffcb49b3000 r-xp 00000000 00:00 0                          [vdso]
ffffffffff600000-ffffffffff601000 r-xp 00000000 00:00 0                  [vsyscall]

VM Arguments:
jvm_args: -Dfile.encoding=UTF-8 
java_command: Book.Driver /home/ubuntu/Desktop/BigData/Input/BX-CSV-Dump/BX-Book-Ratings.csv output
java_class_path (initial): /home/ubuntu/eclipse-workspace/MostContributions/target/classes:/home/ubuntu/.m2/repository/org/apache/logging/log4j/log4j-core/2.8.2/log4j-core-2.8.2.jar:/home/ubuntu/.m2/repository/org/apache/logging/log4j/log4j-api/2.8.2/log4j-api-2.8.2.jar:/home/ubuntu/.m2/repository/org/apache/hadoop/hadoop-core/1.2.1/hadoop-core-1.2.1.jar:/home/ubuntu/.m2/repository/commons-cli/commons-cli/1.2/commons-cli-1.2.jar:/home/ubuntu/.m2/repository/xmlenc/xmlenc/0.52/xmlenc-0.52.jar:/home/ubuntu/.m2/repository/com/sun/jersey/jersey-core/1.8/jersey-core-1.8.jar:/home/ubuntu/.m2/repository/com/sun/jersey/jersey-json/1.8/jersey-json-1.8.jar:/home/ubuntu/.m2/repository/org/codehaus/jettison/jettison/1.1/jettison-1.1.jar:/home/ubuntu/.m2/repository/stax/stax-api/1.0.1/stax-api-1.0.1.jar:/home/ubuntu/.m2/repository/com/sun/xml/bind/jaxb-impl/2.2.3-1/jaxb-impl-2.2.3-1.jar:/home/ubuntu/.m2/repository/org/codehaus/jackson/jackson-core-asl/1.7.1/jackson-core-asl-1.7.1.jar:/home/ubuntu/.m2/repository/org/codehaus/jackson/jackson-jaxrs/1.7.1/jackson-jaxrs-1.7.1.jar:/home/ubuntu/.m2/repository/org/codehaus/jackson/jackson-xc/1.7.1/jackson-xc-1.7.1.jar:/home/ubuntu/.m2/repository/com/sun/jersey/jersey-server/1.8/jersey-server-1.8.jar:/home/ubuntu/.m2/repository/asm/asm/3.1/asm-3.1.jar:/home/ubuntu/.m2/repository/commons-io/commons-io/2.1/commons-io-2.1.jar:/home/ubuntu/.m2/repository/commons-httpclient/commons-httpclient/3.0.1/commons-httpclient-3.0.1.jar:/home/ubuntu/.m2/repository/commons-codec/commons-codec/1.4/commons-codec-1.4.jar:/home/ubuntu/.m2/repository/org/apache/commons/commons-math/2.1/commons-math-2.1.jar:/home/ubuntu/.m2/repository/commons-configuration/commons-configuration/1.6/commons-configuration-1.6.jar:/home/ubuntu/.m2/repository/commons-lang/commons-lang/2.4/commons-lang-2.4.jar:/home/ubuntu/.m2/repository/commons-digester/commons-digester/1.8/commons-digester-1.8.jar:/home/ubuntu/.m2/repository/commons-beanutils/commons-beanutils-core/1.8.0/common
Launcher Type: SUN_STANDARD

Environment Variables:
PATH=/usr/local/sbin:/usr/local/bin:/usr/sbin:/usr/bin:/sbin:/bin:/usr/games:/usr/local/games:/snap/bin
USERNAME=ubuntu
SHELL=/bin/bash
DISPLAY=:0

Signal Handlers:
SIGSEGV: [libjvm.so+0xad3e60], sa_mask[0]=11111111011111111101111111111110, sa_flags=SA_RESTART|SA_SIGINFO
SIGBUS: [libjvm.so+0xad3e60], sa_mask[0]=11111111011111111101111111111110, sa_flags=SA_RESTART|SA_SIGINFO
SIGFPE: [libjvm.so+0x90b880], sa_mask[0]=11111111011111111101111111111110, sa_flags=SA_RESTART|SA_SIGINFO
SIGPIPE: [libjvm.so+0x90b880], sa_mask[0]=11111111011111111101111111111110, sa_flags=SA_RESTART|SA_SIGINFO
SIGXFSZ: [libjvm.so+0x90b880], sa_mask[0]=11111111011111111101111111111110, sa_flags=SA_RESTART|SA_SIGINFO
SIGILL: [libjvm.so+0x90b880], sa_mask[0]=11111111011111111101111111111110, sa_flags=SA_RESTART|SA_SIGINFO
SIGUSR1: SIG_DFL, sa_mask[0]=00000000000000000000000000000000, sa_flags=none
SIGUSR2: [libjvm.so+0x90b750], sa_mask[0]=00100000000000000000000000000000, sa_flags=SA_RESTART|SA_SIGINFO
SIGHUP: [libjvm.so+0x90bd70], sa_mask[0]=11111111011111111101111111111110, sa_flags=SA_RESTART|SA_SIGINFO
SIGINT: [libjvm.so+0x90bd70], sa_mask[0]=11111111011111111101111111111110, sa_flags=SA_RESTART|SA_SIGINFO
SIGTERM: [libjvm.so+0x90bd70], sa_mask[0]=11111111011111111101111111111110, sa_flags=SA_RESTART|SA_SIGINFO
SIGQUIT: [libjvm.so+0x90bd70], sa_mask[0]=11111111011111111101111111111110, sa_flags=SA_RESTART|SA_SIGINFO


---------------  S Y S T E M  ---------------

OS:DISTRIB_ID=Ubuntu
DISTRIB_RELEASE=18.04
DISTRIB_CODENAME=bionic
DISTRIB_DESCRIPTION="Ubuntu 18.04.2 LTS"

uname:Linux 4.18.0-17-generic #18~18.04.1-Ubuntu SMP Fri Mar 15 15:27:12 UTC 2019 x86_64
libc:glibc 2.27 NPTL 2.27 
rlimit: STACK 8192k, CORE 0k, NPROC 15604, NOFILE 4096, AS infinity
load average:1.73 1.55 1.34

/proc/meminfo:
MemTotal:        4038976 kB
MemFree:           91808 kB
MemAvailable:       5824 kB
Buffers:            1200 kB
Cached:            58472 kB
SwapCached:        21008 kB
Active:          3030088 kB
Inactive:         606140 kB
Active(anon):    3010716 kB
Inactive(anon):   592236 kB
Active(file):      19372 kB
Inactive(file):    13904 kB
Unevictable:          96 kB
Mlocked:              96 kB
SwapTotal:       2097148 kB
SwapFree:              0 kB
Dirty:              4400 kB
Writeback:             0 kB
AnonPages:       3558776 kB
Mapped:            33500 kB
Shmem:             26332 kB
Slab:              85732 kB
SReclaimable:      32024 kB
SUnreclaim:        53708 kB
KernelStack:       19376 kB
PageTables:        68080 kB
NFS_Unstable:          0 kB
Bounce:                0 kB
WritebackTmp:          0 kB
CommitLimit:     4116636 kB
Committed_AS:   12988544 kB
VmallocTotal:   34359738367 kB
VmallocUsed:           0 kB
VmallocChunk:          0 kB
HardwareCorrupted:     0 kB
AnonHugePages:         0 kB
ShmemHugePages:        0 kB
ShmemPmdMapped:        0 kB
CmaTotal:              0 kB
CmaFree:               0 kB
HugePages_Total:       0
HugePages_Free:        0
HugePages_Rsvd:        0
HugePages_Surp:        0
Hugepagesize:       2048 kB
Hugetlb:               0 kB
DirectMap4k:      229312 kB
DirectMap2M:     3964928 kB

container (cgroup) information:
container_type: cgroupv1
cpu_cpuset_cpus: 0-3
cpu_memory_nodes: 0
active_processor_count: 4
cpu_quota: -1
cpu_period: 100000
cpu_shares: -1
memory_limit_in_bytes: -1
memory_and_swap_limit_in_bytes: -2
memory_soft_limit_in_bytes: -1
memory_usage_in_bytes: 3709792256
memory_max_usage_in_bytes: 24563712


CPU:total 4 (initial active 4) (4 cores per cpu, 1 threads per core) family 6 model 158 stepping 10, cmov, cx8, fxsr, mmx, sse, sse2, sse3, ssse3, sse4.1, sse4.2, popcnt, avx, avx2, aes, clmul, 3dnowpref, lzcnt, tsc, tscinvbit

/proc/cpuinfo:
processor	: 0
vendor_id	: GenuineIntel
cpu family	: 6
model		: 158
model name	: Intel(R) Core(TM) i7-8750H CPU @ 2.20GHz
stepping	: 10
cpu MHz		: 2208.000
cache size	: 9216 KB
physical id	: 0
siblings	: 4
core id		: 0
cpu cores	: 4
apicid		: 0
initial apicid	: 0
fpu		: yes
fpu_exception	: yes
cpuid level	: 22
wp		: yes
flags		: fpu vme de pse tsc msr pae mce cx8 apic sep mtrr pge mca cmov pat pse36 clflush mmx fxsr sse sse2 ht syscall nx rdtscp lm constant_tsc rep_good nopl xtopology nonstop_tsc cpuid tsc_known_freq pni pclmulqdq ssse3 cx16 pcid sse4_1 sse4_2 x2apic movbe popcnt aes xsave avx rdrand hypervisor lahf_lm abm 3dnowprefetch invpcid_single pti fsgsbase avx2 invpcid rdseed clflushopt flush_l1d
bugs		: cpu_meltdown spectre_v1 spectre_v2 spec_store_bypass l1tf
bogomips	: 4416.00
clflush size	: 64
cache_alignment	: 64
address sizes	: 39 bits physical, 48 bits virtual
power management:

processor	: 1
vendor_id	: GenuineIntel
cpu family	: 6
model		: 158
model name	: Intel(R) Core(TM) i7-8750H CPU @ 2.20GHz
stepping	: 10
cpu MHz		: 2208.000
cache size	: 9216 KB
physical id	: 0
siblings	: 4
core id		: 1
cpu cores	: 4
apicid		: 1
initial apicid	: 1
fpu		: yes
fpu_exception	: yes
cpuid level	: 22
wp		: yes
flags		: fpu vme de pse tsc msr pae mce cx8 apic sep mtrr pge mca cmov pat pse36 clflush mmx fxsr sse sse2 ht syscall nx rdtscp lm constant_tsc rep_good nopl xtopology nonstop_tsc cpuid tsc_known_freq pni pclmulqdq ssse3 cx16 pcid sse4_1 sse4_2 x2apic movbe popcnt aes xsave avx rdrand hypervisor lahf_lm abm 3dnowprefetch invpcid_single pti fsgsbase avx2 invpcid rdseed clflushopt flush_l1d
bugs		: cpu_meltdown spectre_v1 spectre_v2 spec_store_bypass l1tf
bogomips	: 4416.00
clflush size	: 64
cache_alignment	: 64
address sizes	: 39 bits physical, 48 bits virtual
power management:

processor	: 2
vendor_id	: GenuineIntel
cpu family	: 6
model		: 158
model name	: Intel(R) Core(TM) i7-8750H CPU @ 2.20GHz
stepping	: 10
cpu MHz		: 2208.000
cache size	: 9216 KB
physical id	: 0
siblings	: 4
core id		: 2
cpu cores	: 4
apicid		: 2
initial apicid	: 2
fpu		: yes
fpu_exception	: yes
cpuid level	: 22
wp		: yes
flags		: fpu vme de pse tsc msr pae mce cx8 apic sep mtrr pge mca cmov pat pse36 clflush mmx fxsr sse sse2 ht syscall nx rdtscp lm constant_tsc rep_good nopl xtopology nonstop_tsc cpuid tsc_known_freq pni pclmulqdq ssse3 cx16 pcid sse4_1 sse4_2 x2apic movbe popcnt aes xsave avx rdrand hypervisor lahf_lm abm 3dnowprefetch invpcid_single pti fsgsbase avx2 invpcid rdseed clflushopt flush_l1d
bugs		: cpu_meltdown spectre_v1 spectre_v2 spec_store_bypass l1tf
bogomips	: 4416.00
clflush size	: 64
cache_alignment	: 64
address sizes	: 39 bits physical, 48 bits virtual
power management:

processor	: 3
vendor_id	: GenuineIntel
cpu family	: 6
model		: 158
model name	: Intel(R) Core(TM) i7-8750H CPU @ 2.20GHz
stepping	: 10
cpu MHz		: 2208.000
cache size	: 9216 KB
physical id	: 0
siblings	: 4
core id		: 3
cpu cores	: 4
apicid		: 3
initial apicid	: 3
fpu		: yes
fpu_exception	: yes
cpuid level	: 22
wp		: yes
flags		: fpu vme de pse tsc msr pae mce cx8 apic sep mtrr pge mca cmov pat pse36 clflush mmx fxsr sse sse2 ht syscall nx rdtscp lm constant_tsc rep_good nopl xtopology nonstop_tsc cpuid tsc_known_freq pni pclmulqdq ssse3 cx16 pcid sse4_1 sse4_2 x2apic movbe popcnt aes xsave avx rdrand hypervisor lahf_lm abm 3dnowprefetch invpcid_single pti fsgsbase avx2 invpcid rdseed clflushopt flush_l1d
bugs		: cpu_meltdown spectre_v1 spectre_v2 spec_store_bypass l1tf
bogomips	: 4416.00
clflush size	: 64
cache_alignment	: 64
address sizes	: 39 bits physical, 48 bits virtual
power management:



Memory: 4k page, physical 4038976k(92312k free), swap 2097148k(0k free)

vm_info: Java HotSpot(TM) 64-Bit Server VM (25.201-b09) for linux-amd64 JRE (1.8.0_201-b09), built on Dec 15 2018 11:35:59 by "java_re" with gcc 7.3.0

time: Tue Apr 16 18:03:32 2019
timezone: EDT
elapsed time: 2 seconds (0d 0h 0m 2s)

